<?xml version="1.0" encoding="UTF-8"?>
<testsuite xmlns:xsi="http://www.w3.org/2001/XMLSchema-instance" xsi:noNamespaceSchemaLocation="https://maven.apache.org/surefire/maven-surefire-plugin/xsd/surefire-test-report.xsd" name="com.example.car.CarApplicationTests" time="3.848" tests="1" errors="0" skipped="0" failures="0">
  <properties>
    <property name="sun.desktop" value="windows"/>
    <property name="awt.toolkit" value="sun.awt.windows.WToolkit"/>
    <property name="file.encoding.pkg" value="sun.io"/>
    <property name="java.specification.version" value="1.8"/>
    <property name="sun.cpu.isalist" value="amd64"/>
    <property name="sun.jnu.encoding" value="GBK"/>
    <property name="java.class.path" value="E:\Java\project\target\test-classes;E:\Java\project\target\classes;D:\software\IDEA\maven\maven3.5.4\Maven_local_repository\org\springframework\boot\spring-boot-starter-web\2.4.5\spring-boot-starter-web-2.4.5.jar;D:\software\IDEA\maven\maven3.5.4\Maven_local_repository\org\springframework\boot\spring-boot-starter\2.4.5\spring-boot-starter-2.4.5.jar;D:\software\IDEA\maven\maven3.5.4\Maven_local_repository\org\springframework\boot\spring-boot\2.4.5\spring-boot-2.4.5.jar;D:\software\IDEA\maven\maven3.5.4\Maven_local_repository\org\springframework\boot\spring-boot-autoconfigure\2.4.5\spring-boot-autoconfigure-2.4.5.jar;D:\software\IDEA\maven\maven3.5.4\Maven_local_repository\org\springframework\boot\spring-boot-starter-logging\2.4.5\spring-boot-starter-logging-2.4.5.jar;D:\software\IDEA\maven\maven3.5.4\Maven_local_repository\ch\qos\logback\logback-classic\1.2.3\logback-classic-1.2.3.jar;D:\software\IDEA\maven\maven3.5.4\Maven_local_repository\ch\qos\logback\logback-core\1.2.3\logback-core-1.2.3.jar;D:\software\IDEA\maven\maven3.5.4\Maven_local_repository\org\apache\logging\log4j\log4j-to-slf4j\2.13.3\log4j-to-slf4j-2.13.3.jar;D:\software\IDEA\maven\maven3.5.4\Maven_local_repository\org\apache\logging\log4j\log4j-api\2.13.3\log4j-api-2.13.3.jar;D:\software\IDEA\maven\maven3.5.4\Maven_local_repository\org\slf4j\jul-to-slf4j\1.7.30\jul-to-slf4j-1.7.30.jar;D:\software\IDEA\maven\maven3.5.4\Maven_local_repository\jakarta\annotation\jakarta.annotation-api\1.3.5\jakarta.annotation-api-1.3.5.jar;D:\software\IDEA\maven\maven3.5.4\Maven_local_repository\org\yaml\snakeyaml\1.27\snakeyaml-1.27.jar;D:\software\IDEA\maven\maven3.5.4\Maven_local_repository\org\springframework\boot\spring-boot-starter-json\2.4.5\spring-boot-starter-json-2.4.5.jar;D:\software\IDEA\maven\maven3.5.4\Maven_local_repository\com\fasterxml\jackson\core\jackson-databind\2.11.4\jackson-databind-2.11.4.jar;D:\software\IDEA\maven\maven3.5.4\Maven_local_repository\com\fasterxml\jackson\core\jackson-core\2.11.4\jackson-core-2.11.4.jar;D:\software\IDEA\maven\maven3.5.4\Maven_local_repository\com\fasterxml\jackson\datatype\jackson-datatype-jdk8\2.11.4\jackson-datatype-jdk8-2.11.4.jar;D:\software\IDEA\maven\maven3.5.4\Maven_local_repository\com\fasterxml\jackson\datatype\jackson-datatype-jsr310\2.11.4\jackson-datatype-jsr310-2.11.4.jar;D:\software\IDEA\maven\maven3.5.4\Maven_local_repository\com\fasterxml\jackson\module\jackson-module-parameter-names\2.11.4\jackson-module-parameter-names-2.11.4.jar;D:\software\IDEA\maven\maven3.5.4\Maven_local_repository\org\springframework\boot\spring-boot-starter-tomcat\2.4.5\spring-boot-starter-tomcat-2.4.5.jar;D:\software\IDEA\maven\maven3.5.4\Maven_local_repository\org\apache\tomcat\embed\tomcat-embed-core\9.0.45\tomcat-embed-core-9.0.45.jar;D:\software\IDEA\maven\maven3.5.4\Maven_local_repository\org\glassfish\jakarta.el\3.0.3\jakarta.el-3.0.3.jar;D:\software\IDEA\maven\maven3.5.4\Maven_local_repository\org\apache\tomcat\embed\tomcat-embed-websocket\9.0.45\tomcat-embed-websocket-9.0.45.jar;D:\software\IDEA\maven\maven3.5.4\Maven_local_repository\org\springframework\spring-web\5.3.6\spring-web-5.3.6.jar;D:\software\IDEA\maven\maven3.5.4\Maven_local_repository\org\springframework\spring-beans\5.3.6\spring-beans-5.3.6.jar;D:\software\IDEA\maven\maven3.5.4\Maven_local_repository\org\springframework\spring-webmvc\5.3.6\spring-webmvc-5.3.6.jar;D:\software\IDEA\maven\maven3.5.4\Maven_local_repository\org\springframework\spring-aop\5.3.6\spring-aop-5.3.6.jar;D:\software\IDEA\maven\maven3.5.4\Maven_local_repository\org\springframework\spring-context\5.3.6\spring-context-5.3.6.jar;D:\software\IDEA\maven\maven3.5.4\Maven_local_repository\org\springframework\spring-expression\5.3.6\spring-expression-5.3.6.jar;D:\software\IDEA\maven\maven3.5.4\Maven_local_repository\org\springframework\boot\spring-boot-starter-jdbc\2.4.5\spring-boot-starter-jdbc-2.4.5.jar;D:\software\IDEA\maven\maven3.5.4\Maven_local_repository\com\zaxxer\HikariCP\3.4.5\HikariCP-3.4.5.jar;D:\software\IDEA\maven\maven3.5.4\Maven_local_repository\org\springframework\spring-jdbc\5.3.6\spring-jdbc-5.3.6.jar;D:\software\IDEA\maven\maven3.5.4\Maven_local_repository\org\springframework\spring-tx\5.3.6\spring-tx-5.3.6.jar;D:\software\IDEA\maven\maven3.5.4\Maven_local_repository\mysql\mysql-connector-java\8.0.23\mysql-connector-java-8.0.23.jar;D:\software\IDEA\maven\maven3.5.4\Maven_local_repository\org\springframework\boot\spring-boot-starter-test\2.4.5\spring-boot-starter-test-2.4.5.jar;D:\software\IDEA\maven\maven3.5.4\Maven_local_repository\org\springframework\boot\spring-boot-test\2.4.5\spring-boot-test-2.4.5.jar;D:\software\IDEA\maven\maven3.5.4\Maven_local_repository\org\springframework\boot\spring-boot-test-autoconfigure\2.4.5\spring-boot-test-autoconfigure-2.4.5.jar;D:\software\IDEA\maven\maven3.5.4\Maven_local_repository\com\jayway\jsonpath\json-path\2.4.0\json-path-2.4.0.jar;D:\software\IDEA\maven\maven3.5.4\Maven_local_repository\net\minidev\json-smart\2.3\json-smart-2.3.jar;D:\software\IDEA\maven\maven3.5.4\Maven_local_repository\net\minidev\accessors-smart\1.2\accessors-smart-1.2.jar;D:\software\IDEA\maven\maven3.5.4\Maven_local_repository\org\ow2\asm\asm\5.0.4\asm-5.0.4.jar;D:\software\IDEA\maven\maven3.5.4\Maven_local_repository\jakarta\xml\bind\jakarta.xml.bind-api\2.3.3\jakarta.xml.bind-api-2.3.3.jar;D:\software\IDEA\maven\maven3.5.4\Maven_local_repository\jakarta\activation\jakarta.activation-api\1.2.2\jakarta.activation-api-1.2.2.jar;D:\software\IDEA\maven\maven3.5.4\Maven_local_repository\org\assertj\assertj-core\3.18.1\assertj-core-3.18.1.jar;D:\software\IDEA\maven\maven3.5.4\Maven_local_repository\org\hamcrest\hamcrest\2.2\hamcrest-2.2.jar;D:\software\IDEA\maven\maven3.5.4\Maven_local_repository\org\junit\jupiter\junit-jupiter\5.7.1\junit-jupiter-5.7.1.jar;D:\software\IDEA\maven\maven3.5.4\Maven_local_repository\org\junit\jupiter\junit-jupiter-api\5.7.1\junit-jupiter-api-5.7.1.jar;D:\software\IDEA\maven\maven3.5.4\Maven_local_repository\org\apiguardian\apiguardian-api\1.1.0\apiguardian-api-1.1.0.jar;D:\software\IDEA\maven\maven3.5.4\Maven_local_repository\org\opentest4j\opentest4j\1.2.0\opentest4j-1.2.0.jar;D:\software\IDEA\maven\maven3.5.4\Maven_local_repository\org\junit\platform\junit-platform-commons\1.7.1\junit-platform-commons-1.7.1.jar;D:\software\IDEA\maven\maven3.5.4\Maven_local_repository\org\junit\jupiter\junit-jupiter-params\5.7.1\junit-jupiter-params-5.7.1.jar;D:\software\IDEA\maven\maven3.5.4\Maven_local_repository\org\junit\jupiter\junit-jupiter-engine\5.7.1\junit-jupiter-engine-5.7.1.jar;D:\software\IDEA\maven\maven3.5.4\Maven_local_repository\org\junit\platform\junit-platform-engine\1.7.1\junit-platform-engine-1.7.1.jar;D:\software\IDEA\maven\maven3.5.4\Maven_local_repository\org\mockito\mockito-core\3.6.28\mockito-core-3.6.28.jar;D:\software\IDEA\maven\maven3.5.4\Maven_local_repository\net\bytebuddy\byte-buddy\1.10.22\byte-buddy-1.10.22.jar;D:\software\IDEA\maven\maven3.5.4\Maven_local_repository\net\bytebuddy\byte-buddy-agent\1.10.22\byte-buddy-agent-1.10.22.jar;D:\software\IDEA\maven\maven3.5.4\Maven_local_repository\org\objenesis\objenesis\3.1\objenesis-3.1.jar;D:\software\IDEA\maven\maven3.5.4\Maven_local_repository\org\mockito\mockito-junit-jupiter\3.6.28\mockito-junit-jupiter-3.6.28.jar;D:\software\IDEA\maven\maven3.5.4\Maven_local_repository\org\skyscreamer\jsonassert\1.5.0\jsonassert-1.5.0.jar;D:\software\IDEA\maven\maven3.5.4\Maven_local_repository\com\vaadin\external\google\android-json\0.0.20131108.vaadin1\android-json-0.0.20131108.vaadin1.jar;D:\software\IDEA\maven\maven3.5.4\Maven_local_repository\org\springframework\spring-core\5.3.6\spring-core-5.3.6.jar;D:\software\IDEA\maven\maven3.5.4\Maven_local_repository\org\springframework\spring-jcl\5.3.6\spring-jcl-5.3.6.jar;D:\software\IDEA\maven\maven3.5.4\Maven_local_repository\org\springframework\spring-test\5.3.6\spring-test-5.3.6.jar;D:\software\IDEA\maven\maven3.5.4\Maven_local_repository\org\xmlunit\xmlunit-core\2.7.0\xmlunit-core-2.7.0.jar;D:\software\IDEA\maven\maven3.5.4\Maven_local_repository\org\projectlombok\lombok\1.18.12\lombok-1.18.12.jar;D:\software\IDEA\maven\maven3.5.4\Maven_local_repository\com\alibaba\druid\1.1.21\druid-1.1.21.jar;D:\software\IDEA\maven\maven3.5.4\Maven_local_repository\log4j\log4j\1.2.17\log4j-1.2.17.jar;D:\software\IDEA\maven\maven3.5.4\Maven_local_repository\io\springfox\springfox-swagger2\2.9.2\springfox-swagger2-2.9.2.jar;D:\software\IDEA\maven\maven3.5.4\Maven_local_repository\io\swagger\swagger-annotations\1.5.20\swagger-annotations-1.5.20.jar;D:\software\IDEA\maven\maven3.5.4\Maven_local_repository\io\swagger\swagger-models\1.5.20\swagger-models-1.5.20.jar;D:\software\IDEA\maven\maven3.5.4\Maven_local_repository\com\fasterxml\jackson\core\jackson-annotations\2.11.4\jackson-annotations-2.11.4.jar;D:\software\IDEA\maven\maven3.5.4\Maven_local_repository\io\springfox\springfox-spi\2.9.2\springfox-spi-2.9.2.jar;D:\software\IDEA\maven\maven3.5.4\Maven_local_repository\io\springfox\springfox-core\2.9.2\springfox-core-2.9.2.jar;D:\software\IDEA\maven\maven3.5.4\Maven_local_repository\io\springfox\springfox-schema\2.9.2\springfox-schema-2.9.2.jar;D:\software\IDEA\maven\maven3.5.4\Maven_local_repository\io\springfox\springfox-swagger-common\2.9.2\springfox-swagger-common-2.9.2.jar;D:\software\IDEA\maven\maven3.5.4\Maven_local_repository\io\springfox\springfox-spring-web\2.9.2\springfox-spring-web-2.9.2.jar;D:\software\IDEA\maven\maven3.5.4\Maven_local_repository\com\google\guava\guava\20.0\guava-20.0.jar;D:\software\IDEA\maven\maven3.5.4\Maven_local_repository\com\fasterxml\classmate\1.5.1\classmate-1.5.1.jar;D:\software\IDEA\maven\maven3.5.4\Maven_local_repository\org\slf4j\slf4j-api\1.7.30\slf4j-api-1.7.30.jar;D:\software\IDEA\maven\maven3.5.4\Maven_local_repository\org\springframework\plugin\spring-plugin-core\1.2.0.RELEASE\spring-plugin-core-1.2.0.RELEASE.jar;D:\software\IDEA\maven\maven3.5.4\Maven_local_repository\org\springframework\plugin\spring-plugin-metadata\1.2.0.RELEASE\spring-plugin-metadata-1.2.0.RELEASE.jar;D:\software\IDEA\maven\maven3.5.4\Maven_local_repository\org\mapstruct\mapstruct\1.2.0.Final\mapstruct-1.2.0.Final.jar;D:\software\IDEA\maven\maven3.5.4\Maven_local_repository\io\springfox\springfox-swagger-ui\2.9.2\springfox-swagger-ui-2.9.2.jar;"/>
    <property name="java.vm.vendor" value="Oracle Corporation"/>
    <property name="sun.arch.data.model" value="64"/>
    <property name="user.variant" value=""/>
    <property name="java.vendor.url" value="http://java.oracle.com/"/>
    <property name="user.timezone" value="Asia/Shanghai"/>
    <property name="java.vm.specification.version" value="1.8"/>
    <property name="os.name" value="Windows 10"/>
    <property name="user.country" value="CN"/>
    <property name="sun.java.launcher" value="SUN_STANDARD"/>
    <property name="sun.boot.library.path" value="D:\software\JDK1.8\jdk\jre\bin"/>
    <property name="sun.java.command" value="C:\Users\yh\AppData\Local\Temp\surefire7426353270281039466\surefirebooter7973794770896223050.jar C:\Users\yh\AppData\Local\Temp\surefire7426353270281039466 2021-04-24T23-07-43_174-jvmRun1 surefire715707782747284414tmp surefire_06400308737085782568tmp"/>
    <property name="surefire.test.class.path" value="E:\Java\project\target\test-classes;E:\Java\project\target\classes;D:\software\IDEA\maven\maven3.5.4\Maven_local_repository\org\springframework\boot\spring-boot-starter-web\2.4.5\spring-boot-starter-web-2.4.5.jar;D:\software\IDEA\maven\maven3.5.4\Maven_local_repository\org\springframework\boot\spring-boot-starter\2.4.5\spring-boot-starter-2.4.5.jar;D:\software\IDEA\maven\maven3.5.4\Maven_local_repository\org\springframework\boot\spring-boot\2.4.5\spring-boot-2.4.5.jar;D:\software\IDEA\maven\maven3.5.4\Maven_local_repository\org\springframework\boot\spring-boot-autoconfigure\2.4.5\spring-boot-autoconfigure-2.4.5.jar;D:\software\IDEA\maven\maven3.5.4\Maven_local_repository\org\springframework\boot\spring-boot-starter-logging\2.4.5\spring-boot-starter-logging-2.4.5.jar;D:\software\IDEA\maven\maven3.5.4\Maven_local_repository\ch\qos\logback\logback-classic\1.2.3\logback-classic-1.2.3.jar;D:\software\IDEA\maven\maven3.5.4\Maven_local_repository\ch\qos\logback\logback-core\1.2.3\logback-core-1.2.3.jar;D:\software\IDEA\maven\maven3.5.4\Maven_local_repository\org\apache\logging\log4j\log4j-to-slf4j\2.13.3\log4j-to-slf4j-2.13.3.jar;D:\software\IDEA\maven\maven3.5.4\Maven_local_repository\org\apache\logging\log4j\log4j-api\2.13.3\log4j-api-2.13.3.jar;D:\software\IDEA\maven\maven3.5.4\Maven_local_repository\org\slf4j\jul-to-slf4j\1.7.30\jul-to-slf4j-1.7.30.jar;D:\software\IDEA\maven\maven3.5.4\Maven_local_repository\jakarta\annotation\jakarta.annotation-api\1.3.5\jakarta.annotation-api-1.3.5.jar;D:\software\IDEA\maven\maven3.5.4\Maven_local_repository\org\yaml\snakeyaml\1.27\snakeyaml-1.27.jar;D:\software\IDEA\maven\maven3.5.4\Maven_local_repository\org\springframework\boot\spring-boot-starter-json\2.4.5\spring-boot-starter-json-2.4.5.jar;D:\software\IDEA\maven\maven3.5.4\Maven_local_repository\com\fasterxml\jackson\core\jackson-databind\2.11.4\jackson-databind-2.11.4.jar;D:\software\IDEA\maven\maven3.5.4\Maven_local_repository\com\fasterxml\jackson\core\jackson-core\2.11.4\jackson-core-2.11.4.jar;D:\software\IDEA\maven\maven3.5.4\Maven_local_repository\com\fasterxml\jackson\datatype\jackson-datatype-jdk8\2.11.4\jackson-datatype-jdk8-2.11.4.jar;D:\software\IDEA\maven\maven3.5.4\Maven_local_repository\com\fasterxml\jackson\datatype\jackson-datatype-jsr310\2.11.4\jackson-datatype-jsr310-2.11.4.jar;D:\software\IDEA\maven\maven3.5.4\Maven_local_repository\com\fasterxml\jackson\module\jackson-module-parameter-names\2.11.4\jackson-module-parameter-names-2.11.4.jar;D:\software\IDEA\maven\maven3.5.4\Maven_local_repository\org\springframework\boot\spring-boot-starter-tomcat\2.4.5\spring-boot-starter-tomcat-2.4.5.jar;D:\software\IDEA\maven\maven3.5.4\Maven_local_repository\org\apache\tomcat\embed\tomcat-embed-core\9.0.45\tomcat-embed-core-9.0.45.jar;D:\software\IDEA\maven\maven3.5.4\Maven_local_repository\org\glassfish\jakarta.el\3.0.3\jakarta.el-3.0.3.jar;D:\software\IDEA\maven\maven3.5.4\Maven_local_repository\org\apache\tomcat\embed\tomcat-embed-websocket\9.0.45\tomcat-embed-websocket-9.0.45.jar;D:\software\IDEA\maven\maven3.5.4\Maven_local_repository\org\springframework\spring-web\5.3.6\spring-web-5.3.6.jar;D:\software\IDEA\maven\maven3.5.4\Maven_local_repository\org\springframework\spring-beans\5.3.6\spring-beans-5.3.6.jar;D:\software\IDEA\maven\maven3.5.4\Maven_local_repository\org\springframework\spring-webmvc\5.3.6\spring-webmvc-5.3.6.jar;D:\software\IDEA\maven\maven3.5.4\Maven_local_repository\org\springframework\spring-aop\5.3.6\spring-aop-5.3.6.jar;D:\software\IDEA\maven\maven3.5.4\Maven_local_repository\org\springframework\spring-context\5.3.6\spring-context-5.3.6.jar;D:\software\IDEA\maven\maven3.5.4\Maven_local_repository\org\springframework\spring-expression\5.3.6\spring-expression-5.3.6.jar;D:\software\IDEA\maven\maven3.5.4\Maven_local_repository\org\springframework\boot\spring-boot-starter-jdbc\2.4.5\spring-boot-starter-jdbc-2.4.5.jar;D:\software\IDEA\maven\maven3.5.4\Maven_local_repository\com\zaxxer\HikariCP\3.4.5\HikariCP-3.4.5.jar;D:\software\IDEA\maven\maven3.5.4\Maven_local_repository\org\springframework\spring-jdbc\5.3.6\spring-jdbc-5.3.6.jar;D:\software\IDEA\maven\maven3.5.4\Maven_local_repository\org\springframework\spring-tx\5.3.6\spring-tx-5.3.6.jar;D:\software\IDEA\maven\maven3.5.4\Maven_local_repository\mysql\mysql-connector-java\8.0.23\mysql-connector-java-8.0.23.jar;D:\software\IDEA\maven\maven3.5.4\Maven_local_repository\org\springframework\boot\spring-boot-starter-test\2.4.5\spring-boot-starter-test-2.4.5.jar;D:\software\IDEA\maven\maven3.5.4\Maven_local_repository\org\springframework\boot\spring-boot-test\2.4.5\spring-boot-test-2.4.5.jar;D:\software\IDEA\maven\maven3.5.4\Maven_local_repository\org\springframework\boot\spring-boot-test-autoconfigure\2.4.5\spring-boot-test-autoconfigure-2.4.5.jar;D:\software\IDEA\maven\maven3.5.4\Maven_local_repository\com\jayway\jsonpath\json-path\2.4.0\json-path-2.4.0.jar;D:\software\IDEA\maven\maven3.5.4\Maven_local_repository\net\minidev\json-smart\2.3\json-smart-2.3.jar;D:\software\IDEA\maven\maven3.5.4\Maven_local_repository\net\minidev\accessors-smart\1.2\accessors-smart-1.2.jar;D:\software\IDEA\maven\maven3.5.4\Maven_local_repository\org\ow2\asm\asm\5.0.4\asm-5.0.4.jar;D:\software\IDEA\maven\maven3.5.4\Maven_local_repository\jakarta\xml\bind\jakarta.xml.bind-api\2.3.3\jakarta.xml.bind-api-2.3.3.jar;D:\software\IDEA\maven\maven3.5.4\Maven_local_repository\jakarta\activation\jakarta.activation-api\1.2.2\jakarta.activation-api-1.2.2.jar;D:\software\IDEA\maven\maven3.5.4\Maven_local_repository\org\assertj\assertj-core\3.18.1\assertj-core-3.18.1.jar;D:\software\IDEA\maven\maven3.5.4\Maven_local_repository\org\hamcrest\hamcrest\2.2\hamcrest-2.2.jar;D:\software\IDEA\maven\maven3.5.4\Maven_local_repository\org\junit\jupiter\junit-jupiter\5.7.1\junit-jupiter-5.7.1.jar;D:\software\IDEA\maven\maven3.5.4\Maven_local_repository\org\junit\jupiter\junit-jupiter-api\5.7.1\junit-jupiter-api-5.7.1.jar;D:\software\IDEA\maven\maven3.5.4\Maven_local_repository\org\apiguardian\apiguardian-api\1.1.0\apiguardian-api-1.1.0.jar;D:\software\IDEA\maven\maven3.5.4\Maven_local_repository\org\opentest4j\opentest4j\1.2.0\opentest4j-1.2.0.jar;D:\software\IDEA\maven\maven3.5.4\Maven_local_repository\org\junit\platform\junit-platform-commons\1.7.1\junit-platform-commons-1.7.1.jar;D:\software\IDEA\maven\maven3.5.4\Maven_local_repository\org\junit\jupiter\junit-jupiter-params\5.7.1\junit-jupiter-params-5.7.1.jar;D:\software\IDEA\maven\maven3.5.4\Maven_local_repository\org\junit\jupiter\junit-jupiter-engine\5.7.1\junit-jupiter-engine-5.7.1.jar;D:\software\IDEA\maven\maven3.5.4\Maven_local_repository\org\junit\platform\junit-platform-engine\1.7.1\junit-platform-engine-1.7.1.jar;D:\software\IDEA\maven\maven3.5.4\Maven_local_repository\org\mockito\mockito-core\3.6.28\mockito-core-3.6.28.jar;D:\software\IDEA\maven\maven3.5.4\Maven_local_repository\net\bytebuddy\byte-buddy\1.10.22\byte-buddy-1.10.22.jar;D:\software\IDEA\maven\maven3.5.4\Maven_local_repository\net\bytebuddy\byte-buddy-agent\1.10.22\byte-buddy-agent-1.10.22.jar;D:\software\IDEA\maven\maven3.5.4\Maven_local_repository\org\objenesis\objenesis\3.1\objenesis-3.1.jar;D:\software\IDEA\maven\maven3.5.4\Maven_local_repository\org\mockito\mockito-junit-jupiter\3.6.28\mockito-junit-jupiter-3.6.28.jar;D:\software\IDEA\maven\maven3.5.4\Maven_local_repository\org\skyscreamer\jsonassert\1.5.0\jsonassert-1.5.0.jar;D:\software\IDEA\maven\maven3.5.4\Maven_local_repository\com\vaadin\external\google\android-json\0.0.20131108.vaadin1\android-json-0.0.20131108.vaadin1.jar;D:\software\IDEA\maven\maven3.5.4\Maven_local_repository\org\springframework\spring-core\5.3.6\spring-core-5.3.6.jar;D:\software\IDEA\maven\maven3.5.4\Maven_local_repository\org\springframework\spring-jcl\5.3.6\spring-jcl-5.3.6.jar;D:\software\IDEA\maven\maven3.5.4\Maven_local_repository\org\springframework\spring-test\5.3.6\spring-test-5.3.6.jar;D:\software\IDEA\maven\maven3.5.4\Maven_local_repository\org\xmlunit\xmlunit-core\2.7.0\xmlunit-core-2.7.0.jar;D:\software\IDEA\maven\maven3.5.4\Maven_local_repository\org\projectlombok\lombok\1.18.12\lombok-1.18.12.jar;D:\software\IDEA\maven\maven3.5.4\Maven_local_repository\com\alibaba\druid\1.1.21\druid-1.1.21.jar;D:\software\IDEA\maven\maven3.5.4\Maven_local_repository\log4j\log4j\1.2.17\log4j-1.2.17.jar;D:\software\IDEA\maven\maven3.5.4\Maven_local_repository\io\springfox\springfox-swagger2\2.9.2\springfox-swagger2-2.9.2.jar;D:\software\IDEA\maven\maven3.5.4\Maven_local_repository\io\swagger\swagger-annotations\1.5.20\swagger-annotations-1.5.20.jar;D:\software\IDEA\maven\maven3.5.4\Maven_local_repository\io\swagger\swagger-models\1.5.20\swagger-models-1.5.20.jar;D:\software\IDEA\maven\maven3.5.4\Maven_local_repository\com\fasterxml\jackson\core\jackson-annotations\2.11.4\jackson-annotations-2.11.4.jar;D:\software\IDEA\maven\maven3.5.4\Maven_local_repository\io\springfox\springfox-spi\2.9.2\springfox-spi-2.9.2.jar;D:\software\IDEA\maven\maven3.5.4\Maven_local_repository\io\springfox\springfox-core\2.9.2\springfox-core-2.9.2.jar;D:\software\IDEA\maven\maven3.5.4\Maven_local_repository\io\springfox\springfox-schema\2.9.2\springfox-schema-2.9.2.jar;D:\software\IDEA\maven\maven3.5.4\Maven_local_repository\io\springfox\springfox-swagger-common\2.9.2\springfox-swagger-common-2.9.2.jar;D:\software\IDEA\maven\maven3.5.4\Maven_local_repository\io\springfox\springfox-spring-web\2.9.2\springfox-spring-web-2.9.2.jar;D:\software\IDEA\maven\maven3.5.4\Maven_local_repository\com\google\guava\guava\20.0\guava-20.0.jar;D:\software\IDEA\maven\maven3.5.4\Maven_local_repository\com\fasterxml\classmate\1.5.1\classmate-1.5.1.jar;D:\software\IDEA\maven\maven3.5.4\Maven_local_repository\org\slf4j\slf4j-api\1.7.30\slf4j-api-1.7.30.jar;D:\software\IDEA\maven\maven3.5.4\Maven_local_repository\org\springframework\plugin\spring-plugin-core\1.2.0.RELEASE\spring-plugin-core-1.2.0.RELEASE.jar;D:\software\IDEA\maven\maven3.5.4\Maven_local_repository\org\springframework\plugin\spring-plugin-metadata\1.2.0.RELEASE\spring-plugin-metadata-1.2.0.RELEASE.jar;D:\software\IDEA\maven\maven3.5.4\Maven_local_repository\org\mapstruct\mapstruct\1.2.0.Final\mapstruct-1.2.0.Final.jar;D:\software\IDEA\maven\maven3.5.4\Maven_local_repository\io\springfox\springfox-swagger-ui\2.9.2\springfox-swagger-ui-2.9.2.jar;"/>
    <property name="sun.cpu.endian" value="little"/>
    <property name="user.home" value="C:\Users\yh"/>
    <property name="user.language" value="zh"/>
    <property name="java.specification.vendor" value="Oracle Corporation"/>
    <property name="java.home" value="D:\software\JDK1.8\jdk\jre"/>
    <property name="basedir" value="E:\Java\project"/>
    <property name="file.separator" value="\"/>
    <property name="line.separator" value="&#10;"/>
    <property name="java.vm.specification.vendor" value="Oracle Corporation"/>
    <property name="java.specification.name" value="Java Platform API Specification"/>
    <property name="java.awt.graphicsenv" value="sun.awt.Win32GraphicsEnvironment"/>
    <property name="surefire.real.class.path" value="C:\Users\yh\AppData\Local\Temp\surefire7426353270281039466\surefirebooter7973794770896223050.jar"/>
    <property name="sun.boot.class.path" value="D:\software\JDK1.8\jdk\jre\lib\resources.jar;D:\software\JDK1.8\jdk\jre\lib\rt.jar;D:\software\JDK1.8\jdk\jre\lib\sunrsasign.jar;D:\software\JDK1.8\jdk\jre\lib\jsse.jar;D:\software\JDK1.8\jdk\jre\lib\jce.jar;D:\software\JDK1.8\jdk\jre\lib\charsets.jar;D:\software\JDK1.8\jdk\jre\lib\jfr.jar;D:\software\JDK1.8\jdk\jre\classes"/>
    <property name="user.script" value=""/>
    <property name="sun.management.compiler" value="HotSpot 64-Bit Tiered Compilers"/>
    <property name="java.runtime.version" value="1.8.0_152-b16"/>
    <property name="user.name" value="yh"/>
    <property name="path.separator" value=";"/>
    <property name="os.version" value="10.0"/>
    <property name="java.endorsed.dirs" value="D:\software\JDK1.8\jdk\jre\lib\endorsed"/>
    <property name="java.runtime.name" value="Java(TM) SE Runtime Environment"/>
    <property name="file.encoding" value="GBK"/>
    <property name="java.vm.name" value="Java HotSpot(TM) 64-Bit Server VM"/>
    <property name="localRepository" value="D:\software\IDEA\maven\maven3.5.4\Maven_local_repository"/>
    <property name="java.vendor.url.bug" value="http://bugreport.sun.com/bugreport/"/>
    <property name="java.io.tmpdir" value="C:\Users\yh\AppData\Local\Temp\"/>
    <property name="idea.version" value="2018.1.6"/>
    <property name="java.version" value="1.8.0_152"/>
    <property name="user.dir" value="E:\Java\project"/>
    <property name="os.arch" value="amd64"/>
    <property name="java.vm.specification.name" value="Java Virtual Machine Specification"/>
    <property name="java.awt.printerjob" value="sun.awt.windows.WPrinterJob"/>
    <property name="sun.os.patch.level" value=""/>
    <property name="java.library.path" value="D:\software\JDK1.8\jdk\jre\bin;C:\Windows\Sun\Java\bin;C:\Windows\system32;C:\Windows;C:\ProgramData\Oracle\Java\javapath;D:\software\JDK1.8\jdk\bin;D:\software\Xftp\;D:\software\xShell\;D:\app\yh\product\11.2.0\client_1\bin;D:\software\安装包\win64_11gR2_client\client\install\oracle\app\yh\product\11.2.0\client_1\bin;E:;oracle\product\11.2.0\client_1;D:\oracle\product\11.2.0\client_1\bin;D:\software\oracle\product\bin;D:\app\yh\product\11.2.0\client_1;C:\Windows\system32;C:\Windows;C:\Windows\System32\Wbem;C:\Windows\System32\WindowsPowerShell\v1.0\;C:\Windows\System32\OpenSSH\;C:\Program Files\NVIDIA Corporation\NVIDIA NvDLISR;C:\Program Files\dotnet\;C:\Program Files\Microsoft SQL Server\130\Tools\Binn\;D:\software\Git\Git\cmd;D:\software\SVNClient\bin;D:\software\Node.js\;C:\Program Files\Microsoft SQL Server\110\Tools\Binn\;D:\software\IDEA\maven\maven3.5.4\bin;C:\Users\yh\AppData\Local\Microsoft\WindowsApps;;D:\software\VS Code\Microsoft VS Code\bin;C:\Users\yh\AppData\Roaming\npm;."/>
    <property name="java.vm.info" value="mixed mode"/>
    <property name="java.vendor" value="Oracle Corporation"/>
    <property name="java.vm.version" value="25.152-b16"/>
    <property name="java.ext.dirs" value="D:\software\JDK1.8\jdk\jre\lib\ext;C:\Windows\Sun\Java\lib\ext"/>
    <property name="sun.io.unicode.encoding" value="UnicodeLittle"/>
    <property name="maven.repo.local" value="D:\software\IDEA\maven\maven3.5.4\Maven_local_repository"/>
    <property name="java.class.version" value="52.0"/>
  </properties>
  <testcase name="contextLoads" classname="com.example.car.CarApplicationTests" time="1.444"/>
</testsuite>